<?xml version="1.0" encoding="UTF-8"?>
<!-- Generated by org.testng.reporters.JUnitReportReporter -->
<testsuite skipped="0" hostname="CNOGA-007" name="SanityTests.GafanaWebDB" tests="1" failures="0" timestamp="20 אוק 2020 10:30:21 GMT" time="2.935" errors="0">
  <testcase name="test01_loginDB" time="2.935" classname="SanityTests.GafanaWebDB"/>
</testsuite> <!-- SanityTests.GafanaWebDB -->
