<?xml version="1.0" encoding="UTF-8"?>
<!-- Generated by org.testng.reporters.JUnitReportReporter -->
<testsuite skipped="0" hostname="CNOGA-007" name="SanityTests.electronDemo" tests="1" failures="0" timestamp="25 אוק 2020 15:14:05 GMT" time="1.620" errors="0">
  <testcase name="test01_VerifyText" time="1.620" classname="SanityTests.electronDemo"/>
</testsuite> <!-- SanityTests.electronDemo -->
